# JRE version: OpenJDK Runtime Environment AdoptOpenJDK (14.0.2+12) (build 14.0.2+12)
# Java VM: OpenJDK 64-Bit Server VM AdoptOpenJDK (14.0.2+12, mixed mode, sharing, tiered, compressed oops, g1 gc, windows-amd64)
Heap:
 garbage-first heap   total 93184K, used 45533K [0x00000000c0000000, 0x0000000100000000)
  region size 1024K, 19 young (19456K), 6 survivors (6144K)
 Metaspace       used 42874K, capacity 44162K, committed 44288K, reserved 1087488K
  class space    used 5928K, capacity 6375K, committed 6400K, reserved 1048576K
GC Heap History (16 events):
Event: 0.373 GC heap before
{Heap before GC invocations=0 (full 0):
 garbage-first heap   total 262144K, used 26624K [0x00000000c0000000, 0x0000000100000000)
  region size 1024K, 21 young (21504K), 0 survivors (0K)
 Metaspace       used 3206K, capacity 6181K, committed 6400K, reserved 1056768K
  class space    used 417K, capacity 699K, committed 768K, reserved 1048576K
}
Event: 0.377 GC heap after
{Heap after GC invocations=1 (full 0):
 garbage-first heap   total 262144K, used 9114K [0x00000000c0000000, 0x0000000100000000)
  region size 1024K, 3 young (3072K), 3 survivors (3072K)
 Metaspace       used 3206K, capacity 6181K, committed 6400K, reserved 1056768K
  class space    used 417K, capacity 699K, committed 768K, reserved 1048576K
}
Event: 0.596 GC heap before
{Heap before GC invocations=1 (full 0):
 garbage-first heap   total 262144K, used 32666K [0x00000000c0000000, 0x0000000100000000)
  region size 1024K, 27 young (27648K), 3 survivors (3072K)
 Metaspace       used 4105K, capacity 6750K, committed 7040K, reserved 1056768K
  class space    used 516K, capacity 803K, committed 896K, reserved 1048576K
}
Event: 0.597 GC heap after
{Heap after GC invocations=2 (full 0):
 garbage-first heap   total 262144K, used 11471K [0x00000000c0000000, 0x0000000100000000)
  region size 1024K, 3 young (3072K), 3 survivors (3072K)
 Metaspace       used 4105K, capacity 6750K, committed 7040K, reserved 1056768K
  class space    used 516K, capacity 803K, committed 896K, reserved 1048576K
}
Event: 1.718 GC heap before
{Heap before GC invocations=2 (full 0):
 garbage-first heap   total 262144K, used 148687K [0x00000000c0000000, 0x0000000100000000)
  region size 1024K, 139 young (142336K), 3 survivors (3072K)
 Metaspace       used 20384K, capacity 21170K, committed 21248K, reserved 1067008K
  class space    used 2991K, capacity 3270K, committed 3328K, reserved 1048576K
}
Event: 1.724 GC heap after
{Heap after GC invocations=3 (full 0):
 garbage-first heap   total 262144K, used 20683K [0x00000000c0000000, 0x0000000100000000)
  region size 1024K, 12 young (12288K), 12 survivors (12288K)
 Metaspace       used 20384K, capacity 21170K, committed 21248K, reserved 1067008K
  class space    used 2991K, capacity 3270K, committed 3328K, reserved 1048576K
}
Event: 2.099 GC heap before
{Heap before GC invocations=4 (full 0):
 garbage-first heap   total 75776K, used 74955K [0x00000000c0000000, 0x0000000100000000)
  region size 1024K, 65 young (66560K), 12 survivors (12288K)
 Metaspace       used 28414K, capacity 29372K, committed 29568K, reserved 1075200K
  class space    used 4061K, capacity 4407K, committed 4480K, reserved 1048576K
}
Event: 2.105 GC heap after
{Heap after GC invocations=5 (full 0):
 garbage-first heap   total 93184K, used 24656K [0x00000000c0000000, 0x0000000100000000)
  region size 1024K, 14 young (14336K), 14 survivors (14336K)
 Metaspace       used 28414K, capacity 29372K, committed 29568K, reserved 1075200K
  class space    used 4061K, capacity 4407K, committed 4480K, reserved 1048576K
}
Event: 2.327 GC heap before
{Heap before GC invocations=5 (full 0):
 garbage-first heap   total 93184K, used 67664K [0x00000000c0000000, 0x0000000100000000)
  region size 1024K, 54 young (55296K), 14 survivors (14336K)
 Metaspace       used 31557K, capacity 32598K, committed 32640K, reserved 1077248K
  class space    used 4386K, capacity 4735K, committed 4736K, reserved 1048576K
}
Event: 2.332 GC heap after
{Heap after GC invocations=6 (full 0):
 garbage-first heap   total 93184K, used 26957K [0x00000000c0000000, 0x0000000100000000)
  region size 1024K, 7 young (7168K), 7 survivors (7168K)
 Metaspace       used 31557K, capacity 32598K, committed 32640K, reserved 1077248K
  class space    used 4386K, capacity 4735K, committed 4736K, reserved 1048576K
}
Event: 2.515 GC heap before
{Heap before GC invocations=6 (full 0):
 garbage-first heap   total 93184K, used 59725K [0x00000000c0000000, 0x0000000100000000)
  region size 1024K, 40 young (40960K), 7 survivors (7168K)
 Metaspace       used 34749K, capacity 35809K, committed 35840K, reserved 1079296K
  class space    used 4740K, capacity 5096K, committed 5120K, reserved 1048576K
}
Event: 2.518 GC heap after
{Heap after GC invocations=7 (full 0):
 garbage-first heap   total 93184K, used 29016K [0x00000000c0000000, 0x0000000100000000)
  region size 1024K, 5 young (5120K), 5 survivors (5120K)
 Metaspace       used 34749K, capacity 35809K, committed 35840K, reserved 1079296K
  class space    used 4740K, capacity 5096K, committed 5120K, reserved 1048576K
}
Event: 2.731 GC heap before
{Heap before GC invocations=8 (full 0):
 garbage-first heap   total 93184K, used 71000K [0x00000000c0000000, 0x0000000100000000)
  region size 1024K, 46 young (47104K), 5 survivors (5120K)
 Metaspace       used 38154K, capacity 39277K, committed 39552K, reserved 1083392K
  class space    used 5259K, capacity 5661K, committed 5760K, reserved 1048576K
}
Event: 2.735 GC heap after
{Heap after GC invocations=9 (full 0):
 garbage-first heap   total 93184K, used 30615K [0x00000000c0000000, 0x0000000100000000)
  region size 1024K, 4 young (4096K), 4 survivors (4096K)
 Metaspace       used 38154K, capacity 39277K, committed 39552K, reserved 1083392K
  class space    used 5259K, capacity 5661K, committed 5760K, reserved 1048576K
}
Event: 3.058 GC heap before
{Heap before GC invocations=9 (full 0):
 garbage-first heap   total 93184K, used 72599K [0x00000000c0000000, 0x0000000100000000)
  region size 1024K, 45 young (46080K), 4 survivors (4096K)
 Metaspace       used 41894K, capacity 43180K, committed 43392K, reserved 1087488K
  class space    used 5786K, capacity 6241K, committed 6272K, reserved 1048576K
}
Event: 3.061 GC heap after
{Heap after GC invocations=10 (full 0):
 garbage-first heap   total 93184K, used 33245K [0x00000000c0000000, 0x0000000100000000)
  region size 1024K, 6 young (6144K), 6 survivors (6144K)
 Metaspace       used 41894K, capacity 43180K, committed 43392K, reserved 1087488K
  class space    used 5786K, capacity 6241K, committed 6272K, reserved 1048576K
}

